2017-09-23 14:37:04,357 INFO o.a.j.u.JMeterUtils: Setting Locale to en_US
2017-09-23 14:37:04,382 INFO o.a.j.JMeter: Loading user properties from: /Users/anand_gangadharan/Applications/apache-jmeter-3.2/bin/user.properties
2017-09-23 14:37:04,398 INFO o.a.j.JMeter: Loading system properties from: /Users/anand_gangadharan/Applications/apache-jmeter-3.2/bin/system.properties
2017-09-23 14:37:04,484 INFO o.a.j.JMeter: Copyright (c) 1998-2017 The Apache Software Foundation
2017-09-23 14:37:04,484 INFO o.a.j.JMeter: Version 3.2 r1790748
2017-09-23 14:37:04,484 INFO o.a.j.JMeter: java.version=1.8.0_92
2017-09-23 14:37:04,484 INFO o.a.j.JMeter: java.vm.name=Java HotSpot(TM) 64-Bit Server VM
2017-09-23 14:37:04,484 INFO o.a.j.JMeter: os.name=Mac OS X
2017-09-23 14:37:04,484 INFO o.a.j.JMeter: os.arch=x86_64
2017-09-23 14:37:04,484 INFO o.a.j.JMeter: os.version=10.12.6
2017-09-23 14:37:04,484 INFO o.a.j.JMeter: file.encoding=UTF-8
2017-09-23 14:37:04,485 INFO o.a.j.JMeter: Max memory     =536870912
2017-09-23 14:37:04,485 INFO o.a.j.JMeter: Available Processors =4
2017-09-23 14:37:04,492 INFO o.a.j.JMeter: Default Locale=English (United States)
2017-09-23 14:37:04,493 INFO o.a.j.JMeter: JMeter  Locale=English (United States)
2017-09-23 14:37:04,493 INFO o.a.j.JMeter: JMeterHome=/Users/anand_gangadharan/Applications/apache-jmeter-3.2
2017-09-23 14:37:04,493 INFO o.a.j.JMeter: user.dir  =/Users/anand_gangadharan/git/netflix-ms
2017-09-23 14:37:04,494 INFO o.a.j.JMeter: PWD       =/Users/anand_gangadharan/git/netflix-ms
2017-09-23 14:37:04,496 INFO o.a.j.JMeter: IP: 192.168.0.102 Name: TVMATP4012L FullName: 192.168.0.102
2017-09-23 14:37:13,492 INFO o.a.j.g.a.LookAndFeelCommand: Using look and feel: com.apple.laf.AquaLookAndFeel [Mac OS X, System]
2017-09-23 14:37:13,528 INFO o.a.j.JMeter: Loaded icon properties from org/apache/jmeter/images/icon.properties
2017-09-23 14:37:15,903 INFO o.a.j.e.u.CompoundVariable: Note: Function class names must contain the string: '.functions.'
2017-09-23 14:37:15,903 INFO o.a.j.e.u.CompoundVariable: Note: Function class names must not contain the string: '.gui.'
2017-09-23 14:37:19,098 INFO o.a.j.g.u.MenuFactory: Skipping org.apache.jmeter.assertions.BSFAssertion
2017-09-23 14:37:20,898 INFO o.a.j.g.u.MenuFactory: Skipping org.apache.jmeter.extractor.BSFPostProcessor
2017-09-23 14:37:21,090 INFO o.a.j.g.u.MenuFactory: Skipping org.apache.jmeter.modifiers.BSFPreProcessor
2017-09-23 14:37:21,249 INFO o.a.j.p.h.s.HTTPSamplerBase: Parser for text/html is org.apache.jmeter.protocol.http.parser.LagartoBasedHtmlParser
2017-09-23 14:37:21,249 INFO o.a.j.p.h.s.HTTPSamplerBase: Parser for application/xhtml+xml is org.apache.jmeter.protocol.http.parser.LagartoBasedHtmlParser
2017-09-23 14:37:21,249 INFO o.a.j.p.h.s.HTTPSamplerBase: Parser for application/xml is org.apache.jmeter.protocol.http.parser.LagartoBasedHtmlParser
2017-09-23 14:37:21,249 INFO o.a.j.p.h.s.HTTPSamplerBase: Parser for text/xml is org.apache.jmeter.protocol.http.parser.LagartoBasedHtmlParser
2017-09-23 14:37:21,249 INFO o.a.j.p.h.s.HTTPSamplerBase: Parser for text/vnd.wap.wml is org.apache.jmeter.protocol.http.parser.RegexpHTMLParser
2017-09-23 14:37:21,249 INFO o.a.j.p.h.s.HTTPSamplerBase: Parser for text/css is org.apache.jmeter.protocol.http.parser.CssParser
2017-09-23 14:37:23,420 INFO o.a.j.e.KeyToolUtils: keytool found at 'keytool'
2017-09-23 14:37:23,421 INFO o.a.j.p.h.p.ProxyControl: HTTP(S) Test Script Recorder SSL Proxy will use keys that support embedded 3rd party resources in file /Users/anand_gangadharan/Applications/apache-jmeter-3.2/bin/proxyserver.jks
2017-09-23 14:37:24,187 INFO o.a.j.g.u.MenuFactory: Skipping org.apache.jmeter.protocol.java.sampler.BSFSampler
2017-09-23 14:37:24,585 INFO o.a.j.s.FileServer: Default base='/Users/anand_gangadharan/git/netflix-ms'
2017-09-23 14:37:25,346 INFO o.a.j.g.u.MenuFactory: Skipping org.apache.jmeter.protocol.mongodb.config.MongoSourceElement
2017-09-23 14:37:25,351 INFO o.a.j.g.u.MenuFactory: Skipping org.apache.jmeter.protocol.mongodb.sampler.MongoScriptSampler
2017-09-23 14:37:26,347 INFO o.a.j.g.u.MenuFactory: Skipping org.apache.jmeter.timers.BSFTimer
2017-09-23 14:37:26,525 INFO o.a.j.g.u.MenuFactory: Skipping org.apache.jmeter.visualizers.BSFListener
2017-09-23 14:37:27,504 INFO o.a.j.s.SampleResult: Note: Sample TimeStamps are START times
2017-09-23 14:37:27,505 INFO o.a.j.s.SampleResult: sampleresult.default.encoding is set to ISO-8859-1
2017-09-23 14:37:27,505 INFO o.a.j.s.SampleResult: sampleresult.useNanoTime=true
2017-09-23 14:37:27,505 INFO o.a.j.s.SampleResult: sampleresult.nanoThreadSleep=5000
